<?xml version="1.0" encoding="UTF-8"?>
<testsuite name="ru.netology.CardDelivery" tests="1" skipped="0" failures="0" errors="0" timestamp="2022-02-13T17:51:46" hostname="LAPTOP-0KBJ9278" time="60.163">
  <properties/>
  <testcase name="shouldRegisterCardDelivery()" classname="ru.netology.CardDelivery" time="60.163"/>
  <system-out><![CDATA[]]></system-out>
  <system-err><![CDATA[SLF4J: Failed to load class "org.slf4j.impl.StaticLoggerBinder".
SLF4J: Defaulting to no-operation (NOP) logger implementation
SLF4J: See http://www.slf4j.org/codes.html#StaticLoggerBinder for further details.
Starting ChromeDriver 98.0.4758.80 (7f0488e8ba0d8e019187c6325a16c29d9b7f4989-refs/branch-heads/4758@{#972}) on port 23282
Only local connections are allowed.
Please see https://chromedriver.chromium.org/security-considerations for suggestions on keeping ChromeDriver safe.
ChromeDriver was started successfully.
февр. 13, 2022 10:52:23 PM org.openqa.selenium.remote.ProtocolHandshake createSession
INFO: Detected dialect: W3C
]]></system-err>
</testsuite>
